<?xml version="1.0" encoding="UTF-8"?>
<!-- Generated by org.testng.reporters.JUnitReportReporter -->
<testsuite hostname="BHUKRK353714L" failures="0" tests="4" name="TestSwagLabs_MavenProject.MavenProject1.Maven_Project_SauceLabs" time="9.580" errors="0" timestamp="2024-04-26T14:00:18 IST" skipped="0">
  <testcase classname="TestSwagLabs_MavenProject.MavenProject1.Maven_Project_SauceLabs" name="test1" time="2.492"/>
  <system-out/>
  <testcase classname="TestSwagLabs_MavenProject.MavenProject1.Maven_Project_SauceLabs" name="test1" time="0.629"/>
  <system-out/>
  <testcase classname="TestSwagLabs_MavenProject.MavenProject1.Maven_Project_SauceLabs" name="test1" time="0.836"/>
  <system-out/>
  <testcase classname="TestSwagLabs_MavenProject.MavenProject1.Maven_Project_SauceLabs" name="test1" time="5.623"/>
  <system-out/>
</testsuite> <!-- TestSwagLabs_MavenProject.MavenProject1.Maven_Project_SauceLabs -->
